c:\users\etudiant\documents\c++\pong\pong-master\pong\debug\pong.pch
c:\users\etudiant\documents\c++\pong\pong-master\pong\debug\vc141.pdb
c:\users\etudiant\documents\c++\pong\pong-master\pong\debug\vc141.idb
c:\users\etudiant\documents\c++\pong\pong-master\pong\debug\pch.obj
c:\users\etudiant\documents\c++\pong\pong-master\pong\debug\racket.obj
c:\users\etudiant\documents\c++\pong\pong-master\pong\debug\pong.obj
c:\users\etudiant\documents\c++\pong\pong-master\pong\debug\ltimer.obj
c:\users\etudiant\documents\c++\pong\pong-master\pong\debug\ltexture.obj
c:\users\etudiant\documents\c++\pong\pong-master\pong\debug\game.obj
c:\users\etudiant\documents\c++\pong\pong-master\pong\debug\dot.obj
c:\users\etudiant\documents\c++\pong\pong-master\pong\debug\config.obj
c:\users\etudiant\documents\c++\pong\pong-master\debug\pong.exe
c:\users\etudiant\documents\c++\pong\pong-master\debug\pong.ilk
c:\users\etudiant\documents\c++\pong\pong-master\debug\pong.pdb
c:\users\etudiant\documents\c++\pong\pong-master\pong\debug\pong.res
c:\users\etudiant\documents\c++\pong\pong-master\pong\debug\pong.obj.enc
c:\users\etudiant\documents\c++\pong\pong-master\pong\debug\pong.tlog\cl.command.1.tlog
c:\users\etudiant\documents\c++\pong\pong-master\pong\debug\pong.tlog\cl.read.1.tlog
c:\users\etudiant\documents\c++\pong\pong-master\pong\debug\pong.tlog\cl.write.1.tlog
c:\users\etudiant\documents\c++\pong\pong-master\pong\debug\pong.tlog\link.command.1.tlog
c:\users\etudiant\documents\c++\pong\pong-master\pong\debug\pong.tlog\link.read.1.tlog
c:\users\etudiant\documents\c++\pong\pong-master\pong\debug\pong.tlog\link.write.1.tlog
c:\users\etudiant\documents\c++\pong\pong-master\pong\debug\pong.tlog\rc.command.1.tlog
c:\users\etudiant\documents\c++\pong\pong-master\pong\debug\pong.tlog\rc.read.1.tlog
c:\users\etudiant\documents\c++\pong\pong-master\pong\debug\pong.tlog\rc.write.1.tlog
